Engine-Match 29 September 2023 23:50:23
 Tournament Game in 5 Minutes 

Pairing 1/1 :    vince {Human}  -  Ruffian 1.0.5

PGN-File: C:\Users\praty\Downloads\arena_3.5.1\Arena.pgn

No:  B/W 1/2     W:B       1:2           Time        Value Moves Dep 1:2       1-2-Draws

--------------------------------------------------------------

Engine-Match 29 September 2023 23:51:43
 Tournament Game in 5 Minutes 

Pairing 1/1 :    Ruffian 1.0.5  -  Vince

PGN-File: C:\Users\praty\Downloads\arena_3.5.1\Arena.pgn

No:  B/W 1/2     W:B       1:2           Time        Value Moves Dep 1:2       1-2-Draws
   1 * *     0.0:0.0        0.0:0.0       23:52:45     0.00     1 0:0 0-0-0

--------------------------------------------------------------

Engine-Match 29 September 2023 23:53:46
 Tournament Game in 5 Minutes 

Pairing 1/1 :    Ruffian 1.0.5  -  Vince

PGN-File: C:\Users\praty\Downloads\arena_3.5.1\Arena.pgn

No:  B/W 1/2     W:B       1:2           Time        Value Moves Dep 1:2       1-2-Draws
   1 * *     0.0:0.0        0.0:0.0       23:54:00     0.00     1 0:0 0-0-0

--------------------------------------------------------------

Engine-Match 30 September 2023 01:07:27
 Tournament Game in 5 Minutes 

Pairing 1/1 :    Vince  -  Vice

PGN-File: C:\Users\praty\Downloads\arena_3.5.1\Arena.pgn

No:  B/W 1/2     W:B       1:2           Time        Value Moves Dep 1:2       1-2-Draws

--------------------------------------------------------------

Engine-Match 30 September 2023 12:52:08
 Tournament Game in 5 Minutes 

Pairing 1/1 :    Stockfish-windows-x86-64-avx2  -  Vince

PGN-File: C:\Users\praty\Downloads\arena_3.5.1\Arena.pgn

No:  B/W 1/2     W:B       1:2           Time        Value Moves Dep 1:2       1-2-Draws
   1 W 1    1.0:0.0        1.0:0.0       12:59:24  +289.96    43 31.415 :8.225  1-0-0

--------------------------------------------------------------

Engine-Match 01 October 2023 19:24:33
 Tournament Game in One Minute 

Pairing 1/1 :    Vince2  -  Vince

PGN-File: C:\Users\praty\Downloads\arena_3.5.1\Arena.pgn

No:  B/W 1/2     W:B       1:2           Time        Value Moves Dep 1:2       1-2-Draws

--------------------------------------------------------------

Engine-Match 02 October 2023 00:10:38
 Tournament Game in One Minute 

Pairing 1/1 :    Vince2  -  Vince12

PGN-File: C:\Users\praty\Downloads\arena_3.5.1\Arena.pgn

No:  B/W 1/2     W:B       1:2           Time        Value Moves Dep 1:2       1-2-Draws
   1 * *     0.0:0.0        0.0:0.0       00:11:25    +0.25    13 7.500 :8.400  0-0-0

--------------------------------------------------------------

Engine-Match 02 October 2023 01:58:08
 Tournament Game in One Minute 

Pairing 1/1 :    VinceThreaded12  -  Vince

PGN-File: C:\Users\praty\Downloads\arena_3.5.1\Arena.pgn

No:  B/W 1/2     W:B       1:2           Time        Value Moves Dep 1:2       1-2-Draws

--------------------------------------------------------------

Engine-Match 02 October 2023 03:33:54
 Tournament Game in One Minute 

Pairing 1/1 :    Vince  -  Vince12

PGN-File: C:\Users\praty\Downloads\arena_3.5.1\Arena.pgn

No:  B/W 1/2     W:B       1:2           Time        Value Moves Dep 1:2       1-2-Draws
   1 * *     0.0:0.0        0.0:0.0       03:35:57     0.00    35 5.688 :0 0-0-0

--------------------------------------------------------------

Engine-Match 02 October 2023 03:50:06
 Tournament Game in One Minute 

Pairing 1/1 :    Vince  -  Vince12

PGN-File: C:\Users\praty\Downloads\arena_3.5.1\Arena.pgn

No:  B/W 1/2     W:B       1:2           Time        Value Moves Dep 1:2       1-2-Draws
   1 * *     0.0:0.0        0.0:0.0       03:50:57    -0.25     9 6.333 :0 0-0-0

--------------------------------------------------------------

Engine-Match 02 October 2023 03:52:22
 Tournament Game in One Minute 

Pairing 1/1 :    Vince  -  Vince12

PGN-File: C:\Users\praty\Downloads\arena_3.5.1\Arena.pgn

No:  B/W 1/2     W:B       1:2           Time        Value Moves Dep 1:2       1-2-Draws
   1 B 2    1.0:0.0        0.0:1.0       03:54:44     0.00    50 6.032 :0 0-1-0

--------------------------------------------------------------

Engine-Match 02 October 2023 04:04:34
 Tournament Game in One Minute 

Pairing 1/1 :    Vince  -  Vince12

PGN-File: C:\Users\praty\Downloads\arena_3.5.1\Arena.pgn

No:  B/W 1/2     W:B       1:2           Time        Value Moves Dep 1:2       1-2-Draws

--------------------------------------------------------------

Engine-Match 02 October 2023 13:54:40
 Tournament Game in One Minute 

Pairing 1/1 :    Tscp181  -  Vince12

PGN-File: C:\Users\praty\Downloads\arena_3.5.1\Arena.pgn

No:  B/W 1/2     W:B       1:2           Time        Value Moves Dep 1:2       1-2-Draws
   1 B 2    1.0:0.0        0.0:1.0       13:56:29      -M3    35 5.714 :8.484  0-1-0
  21 B 2    2.0:1.0        6.0:15.0      14:35:44      -M3    36 5.885 :9.273  5-14-2
   1 W 1    1.0:0.0        1.0:0.0       15:24:30   +16.71    31 5.323 :8.148  1-0-0

--------------------------------------------------------------

Engine-Match 02 October 2023 15:54:00
 Tournament Game in One Minute 

Pairing 1/1 :    Tscp181  -  Vince12

PGN-File: C:\Users\praty\Downloads\arena_3.5.1\Arena.pgn

No:  B/W 1/2     W:B       1:2           Time        Value Moves Dep 1:2       1-2-Draws
   5 B 2    1.0:0.0        1.0:4.0       15:55:41      -M3    35 5.714 :8.581  1-4-0
